19 Sep 2020 17:49:58.322 [main] INFO  com.netBankingTestCases.TC_LoginTest_001 - Browser launch
19 Sep 2020 17:49:58.322 [main] INFO  com.netBankingTestCases.TC_LoginTest_001 - Browser launch
19 Sep 2020 17:50:11.645 [main] INFO  com.netBankingTestCases.TC_LoginTest_001 - Url entered
19 Sep 2020 17:50:11.645 [main] INFO  com.netBankingTestCases.TC_LoginTest_001 - Url entered
19 Sep 2020 17:50:11.998 [main] INFO  com.netBankingTestCases.TC_LoginTest_001 - enter username
19 Sep 2020 17:50:11.998 [main] INFO  com.netBankingTestCases.TC_LoginTest_001 - enter username
19 Sep 2020 17:50:12.161 [main] INFO  com.netBankingTestCases.TC_LoginTest_001 - enter password
19 Sep 2020 17:50:12.161 [main] INFO  com.netBankingTestCases.TC_LoginTest_001 - enter password
19 Sep 2020 17:50:13.136 [main] INFO  com.netBankingTestCases.TC_LoginTest_001 - click on login button
19 Sep 2020 17:50:13.136 [main] INFO  com.netBankingTestCases.TC_LoginTest_001 - click on login button
19 Sep 2020 17:50:16.452 [main] INFO  com.netBankingTestCases.TC_LoginTest_001 - Url entered
19 Sep 2020 17:50:16.452 [main] INFO  com.netBankingTestCases.TC_LoginTest_001 - Url entered
19 Sep 2020 17:50:16.552 [main] INFO  com.netBankingTestCases.TC_LoginTest_001 - enter username
19 Sep 2020 17:50:16.552 [main] INFO  com.netBankingTestCases.TC_LoginTest_001 - enter username
19 Sep 2020 17:50:16.645 [main] INFO  com.netBankingTestCases.TC_LoginTest_001 - enter password
19 Sep 2020 17:50:16.645 [main] INFO  com.netBankingTestCases.TC_LoginTest_001 - enter password
19 Sep 2020 17:50:17.146 [main] INFO  com.netBankingTestCases.TC_LoginTest_001 - click on login button
19 Sep 2020 17:50:17.146 [main] INFO  com.netBankingTestCases.TC_LoginTest_001 - click on login button
19 Sep 2020 17:50:21.984 [main] INFO  com.netBankingTestCases.TC_LoginTest_001 - Url entered
19 Sep 2020 17:50:21.984 [main] INFO  com.netBankingTestCases.TC_LoginTest_001 - Url entered
19 Sep 2020 17:50:22.083 [main] INFO  com.netBankingTestCases.TC_LoginTest_001 - enter username
19 Sep 2020 17:50:22.083 [main] INFO  com.netBankingTestCases.TC_LoginTest_001 - enter username
19 Sep 2020 17:50:22.328 [main] INFO  com.netBankingTestCases.TC_LoginTest_001 - enter password
19 Sep 2020 17:50:22.328 [main] INFO  com.netBankingTestCases.TC_LoginTest_001 - enter password
19 Sep 2020 17:50:22.829 [main] INFO  com.netBankingTestCases.TC_LoginTest_001 - click on login button
19 Sep 2020 17:50:22.829 [main] INFO  com.netBankingTestCases.TC_LoginTest_001 - click on login button
19 Sep 2020 17:50:26.877 [main] INFO  com.netBankingTestCases.TC_LoginTest_001 - Url entered
19 Sep 2020 17:50:26.877 [main] INFO  com.netBankingTestCases.TC_LoginTest_001 - Url entered
19 Sep 2020 17:50:26.981 [main] INFO  com.netBankingTestCases.TC_LoginTest_001 - enter username
19 Sep 2020 17:50:26.981 [main] INFO  com.netBankingTestCases.TC_LoginTest_001 - enter username
19 Sep 2020 17:50:27.091 [main] INFO  com.netBankingTestCases.TC_LoginTest_001 - enter password
19 Sep 2020 17:50:27.091 [main] INFO  com.netBankingTestCases.TC_LoginTest_001 - enter password
19 Sep 2020 17:50:29.019 [main] INFO  com.netBankingTestCases.TC_LoginTest_001 - click on login button
19 Sep 2020 17:50:29.019 [main] INFO  com.netBankingTestCases.TC_LoginTest_001 - click on login button
19 Sep 2020 17:50:29.276 [main] INFO  com.netBankingTestCases.TC_LoginTest_001 - Validate Title
19 Sep 2020 17:50:29.276 [main] INFO  com.netBankingTestCases.TC_LoginTest_001 - Validate Title
19 Sep 2020 17:50:30.226 [main] INFO  netBankingUtilities.BaseClass - Browser closed successfully
19 Sep 2020 17:50:38.057 [main] INFO  com.netBankingTestCases.TC_ManagerIDTest - Browser launch
19 Sep 2020 17:50:44.747 [main] INFO  com.netBankingTestCases.TC_ManagerIDTest - Url entered
19 Sep 2020 17:50:44.901 [main] INFO  com.netBankingTestCases.TC_ManagerIDTest - enter username
19 Sep 2020 17:50:45.032 [main] INFO  com.netBankingTestCases.TC_ManagerIDTest - enter password
19 Sep 2020 17:50:48.198 [main] INFO  com.netBankingTestCases.TC_ManagerIDTest - click on login button
19 Sep 2020 17:50:48.368 [main] DEBUG com.netBankingTestCases.TC_ManagerIDTest - validate manager ID 
19 Sep 2020 17:50:49.523 [main] INFO  netBankingUtilities.BaseClass - Browser closed successfully
19 Sep 2020 19:51:58.143 [main] INFO  com.netBankingTestCases.TC_LoginTest_001 - Browser launch
19 Sep 2020 19:51:58.143 [main] INFO  com.netBankingTestCases.TC_LoginTest_001 - Browser launch
19 Sep 2020 19:52:16.768 [main] INFO  com.netBankingTestCases.TC_LoginTest_001 - Url entered
19 Sep 2020 19:52:16.768 [main] INFO  com.netBankingTestCases.TC_LoginTest_001 - Url entered
19 Sep 2020 19:52:17.078 [main] INFO  com.netBankingTestCases.TC_LoginTest_001 - enter username
19 Sep 2020 19:52:17.078 [main] INFO  com.netBankingTestCases.TC_LoginTest_001 - enter username
19 Sep 2020 19:52:17.237 [main] INFO  com.netBankingTestCases.TC_LoginTest_001 - enter password
19 Sep 2020 19:52:17.237 [main] INFO  com.netBankingTestCases.TC_LoginTest_001 - enter password
19 Sep 2020 19:52:18.043 [main] INFO  com.netBankingTestCases.TC_LoginTest_001 - click on login button
19 Sep 2020 19:52:18.043 [main] INFO  com.netBankingTestCases.TC_LoginTest_001 - click on login button
19 Sep 2020 19:52:21.490 [main] INFO  com.netBankingTestCases.TC_LoginTest_001 - Url entered
19 Sep 2020 19:52:21.490 [main] INFO  com.netBankingTestCases.TC_LoginTest_001 - Url entered
19 Sep 2020 19:52:21.602 [main] INFO  com.netBankingTestCases.TC_LoginTest_001 - enter username
19 Sep 2020 19:52:21.602 [main] INFO  com.netBankingTestCases.TC_LoginTest_001 - enter username
19 Sep 2020 19:52:21.690 [main] INFO  com.netBankingTestCases.TC_LoginTest_001 - enter password
19 Sep 2020 19:52:21.690 [main] INFO  com.netBankingTestCases.TC_LoginTest_001 - enter password
19 Sep 2020 19:52:22.241 [main] INFO  com.netBankingTestCases.TC_LoginTest_001 - click on login button
19 Sep 2020 19:52:22.241 [main] INFO  com.netBankingTestCases.TC_LoginTest_001 - click on login button
19 Sep 2020 19:52:26.570 [main] INFO  com.netBankingTestCases.TC_LoginTest_001 - Url entered
19 Sep 2020 19:52:26.570 [main] INFO  com.netBankingTestCases.TC_LoginTest_001 - Url entered
19 Sep 2020 19:52:26.674 [main] INFO  com.netBankingTestCases.TC_LoginTest_001 - enter username
19 Sep 2020 19:52:26.674 [main] INFO  com.netBankingTestCases.TC_LoginTest_001 - enter username
19 Sep 2020 19:52:26.775 [main] INFO  com.netBankingTestCases.TC_LoginTest_001 - enter password
19 Sep 2020 19:52:26.775 [main] INFO  com.netBankingTestCases.TC_LoginTest_001 - enter password
19 Sep 2020 19:52:27.352 [main] INFO  com.netBankingTestCases.TC_LoginTest_001 - click on login button
19 Sep 2020 19:52:27.352 [main] INFO  com.netBankingTestCases.TC_LoginTest_001 - click on login button
19 Sep 2020 19:52:32.537 [main] INFO  com.netBankingTestCases.TC_LoginTest_001 - Url entered
19 Sep 2020 19:52:32.537 [main] INFO  com.netBankingTestCases.TC_LoginTest_001 - Url entered
19 Sep 2020 19:52:32.667 [main] INFO  com.netBankingTestCases.TC_LoginTest_001 - enter username
19 Sep 2020 19:52:32.667 [main] INFO  com.netBankingTestCases.TC_LoginTest_001 - enter username
19 Sep 2020 19:52:32.766 [main] INFO  com.netBankingTestCases.TC_LoginTest_001 - enter password
19 Sep 2020 19:52:32.766 [main] INFO  com.netBankingTestCases.TC_LoginTest_001 - enter password
19 Sep 2020 19:52:34.889 [main] INFO  com.netBankingTestCases.TC_LoginTest_001 - click on login button
19 Sep 2020 19:52:34.889 [main] INFO  com.netBankingTestCases.TC_LoginTest_001 - click on login button
19 Sep 2020 19:52:35.185 [main] INFO  com.netBankingTestCases.TC_LoginTest_001 - Validate Title
19 Sep 2020 19:52:35.185 [main] INFO  com.netBankingTestCases.TC_LoginTest_001 - Validate Title
19 Sep 2020 19:52:36.898 [main] INFO  netBankingUtilities.BaseClass - Browser closed successfully
19 Sep 2020 19:52:44.441 [main] INFO  com.netBankingTestCases.TC_ManagerIDTest - Browser launch
19 Sep 2020 19:52:53.377 [main] INFO  com.netBankingTestCases.TC_ManagerIDTest - Url entered
19 Sep 2020 19:52:53.532 [main] INFO  com.netBankingTestCases.TC_ManagerIDTest - enter username
19 Sep 2020 19:52:53.684 [main] INFO  com.netBankingTestCases.TC_ManagerIDTest - enter password
19 Sep 2020 19:52:56.050 [main] INFO  com.netBankingTestCases.TC_ManagerIDTest - click on login button
19 Sep 2020 19:52:57.524 [main] INFO  netBankingUtilities.BaseClass - Browser closed successfully
19 Sep 2020 19:54:16.654 [main] INFO  com.netBankingTestCases.TC_LoginTest_001 - Browser launch
19 Sep 2020 19:54:16.654 [main] INFO  com.netBankingTestCases.TC_LoginTest_001 - Browser launch
19 Sep 2020 19:54:24.287 [main] INFO  com.netBankingTestCases.TC_LoginTest_001 - Url entered
19 Sep 2020 19:54:24.287 [main] INFO  com.netBankingTestCases.TC_LoginTest_001 - Url entered
19 Sep 2020 19:54:24.451 [main] INFO  com.netBankingTestCases.TC_LoginTest_001 - enter username
19 Sep 2020 19:54:24.451 [main] INFO  com.netBankingTestCases.TC_LoginTest_001 - enter username
19 Sep 2020 19:54:24.592 [main] INFO  com.netBankingTestCases.TC_LoginTest_001 - enter password
19 Sep 2020 19:54:24.592 [main] INFO  com.netBankingTestCases.TC_LoginTest_001 - enter password
19 Sep 2020 19:54:25.575 [main] INFO  com.netBankingTestCases.TC_LoginTest_001 - click on login button
19 Sep 2020 19:54:25.575 [main] INFO  com.netBankingTestCases.TC_LoginTest_001 - click on login button
19 Sep 2020 19:54:30.023 [main] INFO  com.netBankingTestCases.TC_LoginTest_001 - Url entered
19 Sep 2020 19:54:30.023 [main] INFO  com.netBankingTestCases.TC_LoginTest_001 - Url entered
19 Sep 2020 19:54:30.137 [main] INFO  com.netBankingTestCases.TC_LoginTest_001 - enter username
19 Sep 2020 19:54:30.137 [main] INFO  com.netBankingTestCases.TC_LoginTest_001 - enter username
19 Sep 2020 19:54:30.245 [main] INFO  com.netBankingTestCases.TC_LoginTest_001 - enter password
19 Sep 2020 19:54:30.245 [main] INFO  com.netBankingTestCases.TC_LoginTest_001 - enter password
19 Sep 2020 19:54:30.750 [main] INFO  com.netBankingTestCases.TC_LoginTest_001 - click on login button
19 Sep 2020 19:54:30.750 [main] INFO  com.netBankingTestCases.TC_LoginTest_001 - click on login button
19 Sep 2020 19:54:34.459 [main] INFO  com.netBankingTestCases.TC_LoginTest_001 - Url entered
19 Sep 2020 19:54:34.459 [main] INFO  com.netBankingTestCases.TC_LoginTest_001 - Url entered
19 Sep 2020 19:54:34.647 [main] INFO  com.netBankingTestCases.TC_LoginTest_001 - enter username
19 Sep 2020 19:54:34.647 [main] INFO  com.netBankingTestCases.TC_LoginTest_001 - enter username
19 Sep 2020 19:54:34.778 [main] INFO  com.netBankingTestCases.TC_LoginTest_001 - enter password
19 Sep 2020 19:54:34.778 [main] INFO  com.netBankingTestCases.TC_LoginTest_001 - enter password
19 Sep 2020 19:54:35.362 [main] INFO  com.netBankingTestCases.TC_LoginTest_001 - click on login button
19 Sep 2020 19:54:35.362 [main] INFO  com.netBankingTestCases.TC_LoginTest_001 - click on login button
19 Sep 2020 19:54:39.550 [main] INFO  com.netBankingTestCases.TC_LoginTest_001 - Url entered
19 Sep 2020 19:54:39.550 [main] INFO  com.netBankingTestCases.TC_LoginTest_001 - Url entered
19 Sep 2020 19:54:39.702 [main] INFO  com.netBankingTestCases.TC_LoginTest_001 - enter username
19 Sep 2020 19:54:39.702 [main] INFO  com.netBankingTestCases.TC_LoginTest_001 - enter username
19 Sep 2020 19:54:39.798 [main] INFO  com.netBankingTestCases.TC_LoginTest_001 - enter password
19 Sep 2020 19:54:39.798 [main] INFO  com.netBankingTestCases.TC_LoginTest_001 - enter password
19 Sep 2020 19:54:41.813 [main] INFO  com.netBankingTestCases.TC_LoginTest_001 - click on login button
19 Sep 2020 19:54:41.813 [main] INFO  com.netBankingTestCases.TC_LoginTest_001 - click on login button
19 Sep 2020 19:54:42.103 [main] INFO  com.netBankingTestCases.TC_LoginTest_001 - Validate Title
19 Sep 2020 19:54:42.103 [main] INFO  com.netBankingTestCases.TC_LoginTest_001 - Validate Title
19 Sep 2020 19:54:43.023 [main] INFO  netBankingUtilities.BaseClass - Browser closed successfully
19 Sep 2020 19:54:50.849 [main] INFO  com.netBankingTestCases.TC_ManagerIDTest - Browser launch
19 Sep 2020 19:54:55.355 [main] INFO  com.netBankingTestCases.TC_ManagerIDTest - Url entered
19 Sep 2020 19:54:55.620 [main] INFO  com.netBankingTestCases.TC_ManagerIDTest - enter username
19 Sep 2020 19:54:55.745 [main] INFO  com.netBankingTestCases.TC_ManagerIDTest - enter password
19 Sep 2020 19:54:58.247 [main] INFO  com.netBankingTestCases.TC_ManagerIDTest - click on login button
19 Sep 2020 19:54:59.623 [main] INFO  netBankingUtilities.BaseClass - Browser closed successfully
19 Sep 2020 20:01:57.779 [main] INFO  com.netBankingTestCases.TC_LoginTest_001 - Browser launch
19 Sep 2020 20:01:57.779 [main] INFO  com.netBankingTestCases.TC_LoginTest_001 - Browser launch
19 Sep 2020 20:02:15.432 [main] INFO  com.netBankingTestCases.TC_LoginTest_001 - Url entered
19 Sep 2020 20:02:15.432 [main] INFO  com.netBankingTestCases.TC_LoginTest_001 - Url entered
19 Sep 2020 20:02:15.808 [main] INFO  com.netBankingTestCases.TC_LoginTest_001 - enter username
19 Sep 2020 20:02:15.808 [main] INFO  com.netBankingTestCases.TC_LoginTest_001 - enter username
19 Sep 2020 20:02:15.957 [main] INFO  com.netBankingTestCases.TC_LoginTest_001 - enter password
19 Sep 2020 20:02:15.957 [main] INFO  com.netBankingTestCases.TC_LoginTest_001 - enter password
19 Sep 2020 20:02:16.720 [main] INFO  com.netBankingTestCases.TC_LoginTest_001 - click on login button
19 Sep 2020 20:02:16.720 [main] INFO  com.netBankingTestCases.TC_LoginTest_001 - click on login button
19 Sep 2020 20:02:22.794 [main] INFO  com.netBankingTestCases.TC_LoginTest_001 - Url entered
19 Sep 2020 20:02:22.794 [main] INFO  com.netBankingTestCases.TC_LoginTest_001 - Url entered
19 Sep 2020 20:02:22.936 [main] INFO  com.netBankingTestCases.TC_LoginTest_001 - enter username
19 Sep 2020 20:02:22.936 [main] INFO  com.netBankingTestCases.TC_LoginTest_001 - enter username
19 Sep 2020 20:02:23.043 [main] INFO  com.netBankingTestCases.TC_LoginTest_001 - enter password
19 Sep 2020 20:02:23.043 [main] INFO  com.netBankingTestCases.TC_LoginTest_001 - enter password
19 Sep 2020 20:02:23.562 [main] INFO  com.netBankingTestCases.TC_LoginTest_001 - click on login button
19 Sep 2020 20:02:23.562 [main] INFO  com.netBankingTestCases.TC_LoginTest_001 - click on login button
19 Sep 2020 20:02:29.330 [main] INFO  com.netBankingTestCases.TC_LoginTest_001 - Url entered
19 Sep 2020 20:02:29.330 [main] INFO  com.netBankingTestCases.TC_LoginTest_001 - Url entered
19 Sep 2020 20:02:29.448 [main] INFO  com.netBankingTestCases.TC_LoginTest_001 - enter username
19 Sep 2020 20:02:29.448 [main] INFO  com.netBankingTestCases.TC_LoginTest_001 - enter username
19 Sep 2020 20:02:29.555 [main] INFO  com.netBankingTestCases.TC_LoginTest_001 - enter password
19 Sep 2020 20:02:29.555 [main] INFO  com.netBankingTestCases.TC_LoginTest_001 - enter password
19 Sep 2020 20:02:30.556 [main] INFO  com.netBankingTestCases.TC_LoginTest_001 - click on login button
19 Sep 2020 20:02:30.556 [main] INFO  com.netBankingTestCases.TC_LoginTest_001 - click on login button
19 Sep 2020 20:02:37.321 [main] INFO  com.netBankingTestCases.TC_LoginTest_001 - Url entered
19 Sep 2020 20:02:37.321 [main] INFO  com.netBankingTestCases.TC_LoginTest_001 - Url entered
19 Sep 2020 20:02:37.469 [main] INFO  com.netBankingTestCases.TC_LoginTest_001 - enter username
19 Sep 2020 20:02:37.469 [main] INFO  com.netBankingTestCases.TC_LoginTest_001 - enter username
19 Sep 2020 20:02:37.602 [main] INFO  com.netBankingTestCases.TC_LoginTest_001 - enter password
19 Sep 2020 20:02:37.602 [main] INFO  com.netBankingTestCases.TC_LoginTest_001 - enter password
19 Sep 2020 20:02:41.805 [main] INFO  com.netBankingTestCases.TC_LoginTest_001 - click on login button
19 Sep 2020 20:02:41.805 [main] INFO  com.netBankingTestCases.TC_LoginTest_001 - click on login button
19 Sep 2020 20:02:43.325 [main] INFO  com.netBankingTestCases.TC_LoginTest_001 - Validate Title
19 Sep 2020 20:02:43.325 [main] INFO  com.netBankingTestCases.TC_LoginTest_001 - Validate Title
19 Sep 2020 20:02:44.550 [main] INFO  netBankingUtilities.BaseClass - Browser closed successfully
19 Sep 2020 20:02:54.827 [main] INFO  com.netBankingTestCases.TC_ManagerIDTest - Browser launch
19 Sep 2020 20:03:04.505 [main] INFO  com.netBankingTestCases.TC_ManagerIDTest - Url entered
19 Sep 2020 20:03:04.689 [main] INFO  com.netBankingTestCases.TC_ManagerIDTest - enter username
19 Sep 2020 20:03:04.835 [main] INFO  com.netBankingTestCases.TC_ManagerIDTest - enter password
19 Sep 2020 20:03:07.795 [main] INFO  com.netBankingTestCases.TC_ManagerIDTest - click on login button
19 Sep 2020 20:03:09.344 [main] INFO  netBankingUtilities.BaseClass - Browser closed successfully
